<html>
<body>
<pre>
<h1>Vision Build Log</h1>
<h2>Project:</h2>
C:\Users\surface\Desktop\code\51单片机\光敏控制\光敏控制.uvproj
Project File Date:  12/22/2021

<h2>Output:</h2>
Build target '目标 1'
assembling STARTUP.A51...
compiling light.c...
LIGHT.C(19): warning C206: 'delay': missing function-prototype
LIGHT.C(19): error C267: 'delay': requires ANSI-style prototype
目标未创建
Build target '目标 1'
compiling light.c...
linking...
Program Size: data=9.0 xdata=0 code=65
creating hex file from "light_1"...
"light_1" - 0 Error(s), 0 Warning(s).
Build target '目标 1'
compiling light.c...
compiling i2c.c...
linking...
Program Size: data=44.1 xdata=0 code=2944
creating hex file from "light_1"...
"light_1" - 0 Error(s), 0 Warning(s).
Build target '目标 1'
linking...
Program Size: data=44.1 xdata=0 code=2944
creating hex file from "light_1"...
"light_1" - 0 Error(s), 0 Warning(s).
Build target '目标 1'
compiling 1602.c...
linking...
*** WARNING L16: UNCALLED SEGMENT, IGNORED FOR OVERLAY PROCESS
    SEGMENT: ?PR?_DELAY1?1602
*** WARNING L16: UNCALLED SEGMENT, IGNORED FOR OVERLAY PROCESS
    SEGMENT: ?PR?_WRITE_DATE?1602
*** WARNING L16: UNCALLED SEGMENT, IGNORED FOR OVERLAY PROCESS
    SEGMENT: ?PR?INIT?1602
Program Size: data=68.1 xdata=0 code=3230
creating hex file from "light_1"...
"light_1" - 0 Error(s), 3 Warning(s).
Build target '目标 1'
compiling light.c...
LIGHT.C(66): warning C206: 'write_com': missing function-prototype
LIGHT.C(66): error C267: 'write_com': requires ANSI-style prototype
LIGHT.C(69): error C202: 'table5': undefined identifier
目标未创建
Build target '目标 1'
compiling light.c...
C:\KEIL\C51\INC\REG52.H(13): error C231: 'P0': redefinition
C:\KEIL\C51\INC\REG52.H(14): error C231: 'P1': redefinition
C:\KEIL\C51\INC\REG52.H(15): error C231: 'P2': redefinition
C:\KEIL\C51\INC\REG52.H(16): error C231: 'P3': redefinition
C:\KEIL\C51\INC\REG52.H(17): error C231: 'PSW': redefinition
C:\KEIL\C51\INC\REG52.H(18): error C231: 'ACC': redefinition
C:\KEIL\C51\INC\REG52.H(19): error C231: 'B': redefinition
C:\KEIL\C51\INC\REG52.H(20): error C231: 'SP': redefinition
C:\KEIL\C51\INC\REG52.H(21): error C231: 'DPL': redefinition
C:\KEIL\C51\INC\REG52.H(22): error C231: 'DPH': redefinition
C:\KEIL\C51\INC\REG52.H(23): error C231: 'PCON': redefinition
C:\KEIL\C51\INC\REG52.H(24): error C231: 'TCON': redefinition
C:\KEIL\C51\INC\REG52.H(25): error C231: 'TMOD': redefinition
C:\KEIL\C51\INC\REG52.H(26): error C231: 'TL0': redefinition
C:\KEIL\C51\INC\REG52.H(27): error C231: 'TL1': redefinition
C:\KEIL\C51\INC\REG52.H(28): error C231: 'TH0': redefinition
C:\KEIL\C51\INC\REG52.H(29): error C231: 'TH1': redefinition
C:\KEIL\C51\INC\REG52.H(30): error C231: 'IE': redefinition
C:\KEIL\C51\INC\REG52.H(31): error C231: 'IP': redefinition
C:\KEIL\C51\INC\REG52.H(32): error C231: 'SCON': redefinition
C:\KEIL\C51\INC\REG52.H(33): error C231: 'SBUF': redefinition
C:\KEIL\C51\INC\REG52.H(45): error C231: 'CY': redefinition
C:\KEIL\C51\INC\REG52.H(46): error C231: 'AC': redefinition
C:\KEIL\C51\INC\REG52.H(47): error C231: 'F0': redefinition
C:\KEIL\C51\INC\REG52.H(48): error C231: 'RS1': redefinition
C:\KEIL\C51\INC\REG52.H(49): error C231: 'RS0': redefinition
C:\KEIL\C51\INC\REG52.H(50): error C231: 'OV': redefinition
C:\KEIL\C51\INC\REG52.H(51): error C231: 'P': redefinition
C:\KEIL\C51\INC\REG52.H(54): error C231: 'TF1': redefinition
C:\KEIL\C51\INC\REG52.H(55): error C231: 'TR1': redefinition
C:\KEIL\C51\INC\REG52.H(56): error C231: 'TF0': redefinition
C:\KEIL\C51\INC\REG52.H(57): error C231: 'TR0': redefinition
C:\KEIL\C51\INC\REG52.H(58): error C231: 'IE1': redefinition
C:\KEIL\C51\INC\REG52.H(59): error C231: 'IT1': redefinition
C:\KEIL\C51\INC\REG52.H(60): error C231: 'IE0': redefinition
C:\KEIL\C51\INC\REG52.H(61): error C231: 'IT0': redefinition
C:\KEIL\C51\INC\REG52.H(64): error C231: 'EA': redefinition
C:\KEIL\C51\INC\REG52.H(66): error C231: 'ES': redefinition
C:\KEIL\C51\INC\REG52.H(67): error C231: 'ET1': redefinition
C:\KEIL\C51\INC\REG52.H(68): error C231: 'EX1': redefinition
C:\KEIL\C51\INC\REG52.H(69): error C231: 'ET0': redefinition
C:\KEIL\C51\INC\REG52.H(70): error C231: 'EX0': redefinition
C:\KEIL\C51\INC\REG52.H(74): error C231: 'PS': redefinition
C:\KEIL\C51\INC\REG52.H(75): error C231: 'PT1': redefinition
C:\KEIL\C51\INC\REG52.H(76): error C231: 'PX1': redefinition
C:\KEIL\C51\INC\REG52.H(77): error C231: 'PT0': redefinition
C:\KEIL\C51\INC\REG52.H(78): error C231: 'PX0': redefinition
C:\KEIL\C51\INC\REG52.H(81): error C231: 'RD': redefinition
C:\KEIL\C51\INC\REG52.H(82): error C231: 'WR': redefinition
C:\KEIL\C51\INC\REG52.H(83): error C231: 'T1': redefinition
C:\KEIL\C51\INC\REG52.H(84): error C231: 'T0': redefinition
C:\KEIL\C51\INC\REG52.H(85): error C231: 'INT1': redefinition
C:\KEIL\C51\INC\REG52.H(86): error C231: 'INT0': redefinition
C:\KEIL\C51\INC\REG52.H(87): error C231: 'TXD': redefinition
C:\KEIL\C51\INC\REG52.H(88): error C231: 'RXD': redefinition
C:\KEIL\C51\INC\REG52.H(91): error C231: 'SM0': redefinition
C:\KEIL\C51\INC\REG52.H(92): error C231: 'SM1': redefinition
C:\KEIL\C51\INC\REG52.H(93): error C231: 'SM2': redefinition
C:\KEIL\C51\INC\REG52.H(94): error C231: 'REN': redefinition
C:\KEIL\C51\INC\REG52.H(95): error C231: 'TB8': redefinition
C:\KEIL\C51\INC\REG52.H(96): error C231: 'RB8': redefinition
C:\KEIL\C51\INC\REG52.H(97): error C231: 'TI': redefinition
C:\KEIL\C51\INC\REG52.H(98): error C231: 'RI': redefinition
LIGHT.C(70): error C202: 'table5': undefined identifier
目标未创建
Build target '目标 1'
compiling light.c...
C:\KEIL\C51\INC\ATMEL\REG51.H(13): error C231: 'P0': redefinition
C:\KEIL\C51\INC\ATMEL\REG51.H(14): error C231: 'P1': redefinition
C:\KEIL\C51\INC\ATMEL\REG51.H(15): error C231: 'P2': redefinition
C:\KEIL\C51\INC\ATMEL\REG51.H(16): error C231: 'P3': redefinition
C:\KEIL\C51\INC\ATMEL\REG51.H(17): error C231: 'PSW': redefinition
C:\KEIL\C51\INC\ATMEL\REG51.H(18): error C231: 'ACC': redefinition
C:\KEIL\C51\INC\ATMEL\REG51.H(19): error C231: 'B': redefinition
C:\KEIL\C51\INC\ATMEL\REG51.H(20): error C231: 'SP': redefinition
C:\KEIL\C51\INC\ATMEL\REG51.H(21): error C231: 'DPL': redefinition
C:\KEIL\C51\INC\ATMEL\REG51.H(22): error C231: 'DPH': redefinition
C:\KEIL\C51\INC\ATMEL\REG51.H(23): error C231: 'PCON': redefinition
C:\KEIL\C51\INC\ATMEL\REG51.H(24): error C231: 'TCON': redefinition
C:\KEIL\C51\INC\ATMEL\REG51.H(25): error C231: 'TMOD': redefinition
C:\KEIL\C51\INC\ATMEL\REG51.H(26): error C231: 'TL0': redefinition
C:\KEIL\C51\INC\ATMEL\REG51.H(27): error C231: 'TL1': redefinition
C:\KEIL\C51\INC\ATMEL\REG51.H(28): error C231: 'TH0': redefinition
C:\KEIL\C51\INC\ATMEL\REG51.H(29): error C231: 'TH1': redefinition
C:\KEIL\C51\INC\ATMEL\REG51.H(30): error C231: 'IE': redefinition
C:\KEIL\C51\INC\ATMEL\REG51.H(31): error C231: 'IP': redefinition
C:\KEIL\C51\INC\ATMEL\REG51.H(32): error C231: 'SCON': redefinition
C:\KEIL\C51\INC\ATMEL\REG51.H(33): error C231: 'SBUF': redefinition
C:\KEIL\C51\INC\ATMEL\REG51.H(38): error C231: 'CY': redefinition
C:\KEIL\C51\INC\ATMEL\REG51.H(39): error C231: 'AC': redefinition
C:\KEIL\C51\INC\ATMEL\REG51.H(40): error C231: 'F0': redefinition
C:\KEIL\C51\INC\ATMEL\REG51.H(41): error C231: 'RS1': redefinition
C:\KEIL\C51\INC\ATMEL\REG51.H(42): error C231: 'RS0': redefinition
C:\KEIL\C51\INC\ATMEL\REG51.H(43): error C231: 'OV': redefinition
C:\KEIL\C51\INC\ATMEL\REG51.H(44): error C231: 'P': redefinition
C:\KEIL\C51\INC\ATMEL\REG51.H(47): error C231: 'TF1': redefinition
C:\KEIL\C51\INC\ATMEL\REG51.H(48): error C231: 'TR1': redefinition
C:\KEIL\C51\INC\ATMEL\REG51.H(49): error C231: 'TF0': redefinition
C:\KEIL\C51\INC\ATMEL\REG51.H(50): error C231: 'TR0': redefinition
C:\KEIL\C51\INC\ATMEL\REG51.H(51): error C231: 'IE1': redefinition
C:\KEIL\C51\INC\ATMEL\REG51.H(52): error C231: 'IT1': redefinition
C:\KEIL\C51\INC\ATMEL\REG51.H(53): error C231: 'IE0': redefinition
C:\KEIL\C51\INC\ATMEL\REG51.H(54): error C231: 'IT0': redefinition
C:\KEIL\C51\INC\ATMEL\REG51.H(57): error C231: 'EA': redefinition
C:\KEIL\C51\INC\ATMEL\REG51.H(58): error C231: 'ES': redefinition
C:\KEIL\C51\INC\ATMEL\REG51.H(59): error C231: 'ET1': redefinition
C:\KEIL\C51\INC\ATMEL\REG51.H(60): error C231: 'EX1': redefinition
C:\KEIL\C51\INC\ATMEL\REG51.H(61): error C231: 'ET0': redefinition
C:\KEIL\C51\INC\ATMEL\REG51.H(62): error C231: 'EX0': redefinition
C:\KEIL\C51\INC\ATMEL\REG51.H(65): error C231: 'PS': redefinition
C:\KEIL\C51\INC\ATMEL\REG51.H(66): error C231: 'PT1': redefinition
C:\KEIL\C51\INC\ATMEL\REG51.H(67): error C231: 'PX1': redefinition
C:\KEIL\C51\INC\ATMEL\REG51.H(68): error C231: 'PT0': redefinition
C:\KEIL\C51\INC\ATMEL\REG51.H(69): error C231: 'PX0': redefinition
C:\KEIL\C51\INC\ATMEL\REG51.H(72): error C231: 'RD': redefinition
C:\KEIL\C51\INC\ATMEL\REG51.H(73): error C231: 'WR': redefinition
C:\KEIL\C51\INC\ATMEL\REG51.H(74): error C231: 'T1': redefinition
C:\KEIL\C51\INC\ATMEL\REG51.H(75): error C231: 'T0': redefinition
C:\KEIL\C51\INC\ATMEL\REG51.H(76): error C231: 'INT1': redefinition
C:\KEIL\C51\INC\ATMEL\REG51.H(77): error C231: 'INT0': redefinition
C:\KEIL\C51\INC\ATMEL\REG51.H(78): error C231: 'TXD': redefinition
C:\KEIL\C51\INC\ATMEL\REG51.H(79): error C231: 'RXD': redefinition
C:\KEIL\C51\INC\ATMEL\REG51.H(82): error C231: 'SM0': redefinition
C:\KEIL\C51\INC\ATMEL\REG51.H(83): error C231: 'SM1': redefinition
C:\KEIL\C51\INC\ATMEL\REG51.H(84): error C231: 'SM2': redefinition
C:\KEIL\C51\INC\ATMEL\REG51.H(85): error C231: 'REN': redefinition
C:\KEIL\C51\INC\ATMEL\REG51.H(86): error C231: 'TB8': redefinition
C:\KEIL\C51\INC\ATMEL\REG51.H(87): error C231: 'RB8': redefinition
C:\KEIL\C51\INC\ATMEL\REG51.H(88): error C231: 'TI': redefinition
C:\KEIL\C51\INC\ATMEL\REG51.H(89): error C231: 'RI': redefinition
LIGHT.C(70): error C202: 'table5': undefined identifier
目标未创建
Build target '目标 1'
compiling light.c...
C:\KEIL\C51\INC\REG52.H(13): error C231: 'P0': redefinition
C:\KEIL\C51\INC\REG52.H(14): error C231: 'P1': redefinition
C:\KEIL\C51\INC\REG52.H(15): error C231: 'P2': redefinition
C:\KEIL\C51\INC\REG52.H(16): error C231: 'P3': redefinition
C:\KEIL\C51\INC\REG52.H(17): error C231: 'PSW': redefinition
C:\KEIL\C51\INC\REG52.H(18): error C231: 'ACC': redefinition
C:\KEIL\C51\INC\REG52.H(19): error C231: 'B': redefinition
C:\KEIL\C51\INC\REG52.H(20): error C231: 'SP': redefinition
C:\KEIL\C51\INC\REG52.H(21): error C231: 'DPL': redefinition
C:\KEIL\C51\INC\REG52.H(22): error C231: 'DPH': redefinition
C:\KEIL\C51\INC\REG52.H(23): error C231: 'PCON': redefinition
C:\KEIL\C51\INC\REG52.H(24): error C231: 'TCON': redefinition
C:\KEIL\C51\INC\REG52.H(25): error C231: 'TMOD': redefinition
C:\KEIL\C51\INC\REG52.H(26): error C231: 'TL0': redefinition
C:\KEIL\C51\INC\REG52.H(27): error C231: 'TL1': redefinition
C:\KEIL\C51\INC\REG52.H(28): error C231: 'TH0': redefinition
C:\KEIL\C51\INC\REG52.H(29): error C231: 'TH1': redefinition
C:\KEIL\C51\INC\REG52.H(30): error C231: 'IE': redefinition
C:\KEIL\C51\INC\REG52.H(31): error C231: 'IP': redefinition
C:\KEIL\C51\INC\REG52.H(32): error C231: 'SCON': redefinition
C:\KEIL\C51\INC\REG52.H(33): error C231: 'SBUF': redefinition
C:\KEIL\C51\INC\REG52.H(45): error C231: 'CY': redefinition
C:\KEIL\C51\INC\REG52.H(46): error C231: 'AC': redefinition
C:\KEIL\C51\INC\REG52.H(47): error C231: 'F0': redefinition
C:\KEIL\C51\INC\REG52.H(48): error C231: 'RS1': redefinition
C:\KEIL\C51\INC\REG52.H(49): error C231: 'RS0': redefinition
C:\KEIL\C51\INC\REG52.H(50): error C231: 'OV': redefinition
C:\KEIL\C51\INC\REG52.H(51): error C231: 'P': redefinition
C:\KEIL\C51\INC\REG52.H(54): error C231: 'TF1': redefinition
C:\KEIL\C51\INC\REG52.H(55): error C231: 'TR1': redefinition
C:\KEIL\C51\INC\REG52.H(56): error C231: 'TF0': redefinition
C:\KEIL\C51\INC\REG52.H(57): error C231: 'TR0': redefinition
C:\KEIL\C51\INC\REG52.H(58): error C231: 'IE1': redefinition
C:\KEIL\C51\INC\REG52.H(59): error C231: 'IT1': redefinition
C:\KEIL\C51\INC\REG52.H(60): error C231: 'IE0': redefinition
C:\KEIL\C51\INC\REG52.H(61): error C231: 'IT0': redefinition
C:\KEIL\C51\INC\REG52.H(64): error C231: 'EA': redefinition
C:\KEIL\C51\INC\REG52.H(66): error C231: 'ES': redefinition
C:\KEIL\C51\INC\REG52.H(67): error C231: 'ET1': redefinition
C:\KEIL\C51\INC\REG52.H(68): error C231: 'EX1': redefinition
C:\KEIL\C51\INC\REG52.H(69): error C231: 'ET0': redefinition
C:\KEIL\C51\INC\REG52.H(70): error C231: 'EX0': redefinition
C:\KEIL\C51\INC\REG52.H(74): error C231: 'PS': redefinition
C:\KEIL\C51\INC\REG52.H(75): error C231: 'PT1': redefinition
C:\KEIL\C51\INC\REG52.H(76): error C231: 'PX1': redefinition
C:\KEIL\C51\INC\REG52.H(77): error C231: 'PT0': redefinition
C:\KEIL\C51\INC\REG52.H(78): error C231: 'PX0': redefinition
C:\KEIL\C51\INC\REG52.H(81): error C231: 'RD': redefinition
C:\KEIL\C51\INC\REG52.H(82): error C231: 'WR': redefinition
C:\KEIL\C51\INC\REG52.H(83): error C231: 'T1': redefinition
C:\KEIL\C51\INC\REG52.H(84): error C231: 'T0': redefinition
C:\KEIL\C51\INC\REG52.H(85): error C231: 'INT1': redefinition
C:\KEIL\C51\INC\REG52.H(86): error C231: 'INT0': redefinition
C:\KEIL\C51\INC\REG52.H(87): error C231: 'TXD': redefinition
C:\KEIL\C51\INC\REG52.H(88): error C231: 'RXD': redefinition
C:\KEIL\C51\INC\REG52.H(91): error C231: 'SM0': redefinition
C:\KEIL\C51\INC\REG52.H(92): error C231: 'SM1': redefinition
C:\KEIL\C51\INC\REG52.H(93): error C231: 'SM2': redefinition
C:\KEIL\C51\INC\REG52.H(94): error C231: 'REN': redefinition
C:\KEIL\C51\INC\REG52.H(95): error C231: 'TB8': redefinition
C:\KEIL\C51\INC\REG52.H(96): error C231: 'RB8': redefinition
C:\KEIL\C51\INC\REG52.H(97): error C231: 'TI': redefinition
C:\KEIL\C51\INC\REG52.H(98): error C231: 'RI': redefinition
LIGHT.C(71): error C202: 'table5': undefined identifier
目标未创建
Build target '目标 1'
compiling light.c...
C:\KEIL\C51\INC\REG52.H(13): error C231: 'P0': redefinition
C:\KEIL\C51\INC\REG52.H(14): error C231: 'P1': redefinition
C:\KEIL\C51\INC\REG52.H(15): error C231: 'P2': redefinition
C:\KEIL\C51\INC\REG52.H(16): error C231: 'P3': redefinition
C:\KEIL\C51\INC\REG52.H(17): error C231: 'PSW': redefinition
C:\KEIL\C51\INC\REG52.H(18): error C231: 'ACC': redefinition
C:\KEIL\C51\INC\REG52.H(19): error C231: 'B': redefinition
C:\KEIL\C51\INC\REG52.H(20): error C231: 'SP': redefinition
C:\KEIL\C51\INC\REG52.H(21): error C231: 'DPL': redefinition
C:\KEIL\C51\INC\REG52.H(22): error C231: 'DPH': redefinition
C:\KEIL\C51\INC\REG52.H(23): error C231: 'PCON': redefinition
C:\KEIL\C51\INC\REG52.H(24): error C231: 'TCON': redefinition
C:\KEIL\C51\INC\REG52.H(25): error C231: 'TMOD': redefinition
C:\KEIL\C51\INC\REG52.H(26): error C231: 'TL0': redefinition
C:\KEIL\C51\INC\REG52.H(27): error C231: 'TL1': redefinition
C:\KEIL\C51\INC\REG52.H(28): error C231: 'TH0': redefinition
C:\KEIL\C51\INC\REG52.H(29): error C231: 'TH1': redefinition
C:\KEIL\C51\INC\REG52.H(30): error C231: 'IE': redefinition
C:\KEIL\C51\INC\REG52.H(31): error C231: 'IP': redefinition
C:\KEIL\C51\INC\REG52.H(32): error C231: 'SCON': redefinition
C:\KEIL\C51\INC\REG52.H(33): error C231: 'SBUF': redefinition
C:\KEIL\C51\INC\REG52.H(45): error C231: 'CY': redefinition
C:\KEIL\C51\INC\REG52.H(46): error C231: 'AC': redefinition
C:\KEIL\C51\INC\REG52.H(47): error C231: 'F0': redefinition
C:\KEIL\C51\INC\REG52.H(48): error C231: 'RS1': redefinition
C:\KEIL\C51\INC\REG52.H(49): error C231: 'RS0': redefinition
C:\KEIL\C51\INC\REG52.H(50): error C231: 'OV': redefinition
C:\KEIL\C51\INC\REG52.H(51): error C231: 'P': redefinition
C:\KEIL\C51\INC\REG52.H(54): error C231: 'TF1': redefinition
C:\KEIL\C51\INC\REG52.H(55): error C231: 'TR1': redefinition
C:\KEIL\C51\INC\REG52.H(56): error C231: 'TF0': redefinition
C:\KEIL\C51\INC\REG52.H(57): error C231: 'TR0': redefinition
C:\KEIL\C51\INC\REG52.H(58): error C231: 'IE1': redefinition
C:\KEIL\C51\INC\REG52.H(59): error C231: 'IT1': redefinition
C:\KEIL\C51\INC\REG52.H(60): error C231: 'IE0': redefinition
C:\KEIL\C51\INC\REG52.H(61): error C231: 'IT0': redefinition
C:\KEIL\C51\INC\REG52.H(64): error C231: 'EA': redefinition
C:\KEIL\C51\INC\REG52.H(66): error C231: 'ES': redefinition
C:\KEIL\C51\INC\REG52.H(67): error C231: 'ET1': redefinition
C:\KEIL\C51\INC\REG52.H(68): error C231: 'EX1': redefinition
C:\KEIL\C51\INC\REG52.H(69): error C231: 'ET0': redefinition
C:\KEIL\C51\INC\REG52.H(70): error C231: 'EX0': redefinition
C:\KEIL\C51\INC\REG52.H(74): error C231: 'PS': redefinition
C:\KEIL\C51\INC\REG52.H(75): error C231: 'PT1': redefinition
C:\KEIL\C51\INC\REG52.H(76): error C231: 'PX1': redefinition
C:\KEIL\C51\INC\REG52.H(77): error C231: 'PT0': redefinition
C:\KEIL\C51\INC\REG52.H(78): error C231: 'PX0': redefinition
C:\KEIL\C51\INC\REG52.H(81): error C231: 'RD': redefinition
C:\KEIL\C51\INC\REG52.H(82): error C231: 'WR': redefinition
C:\KEIL\C51\INC\REG52.H(83): error C231: 'T1': redefinition
C:\KEIL\C51\INC\REG52.H(84): error C231: 'T0': redefinition
C:\KEIL\C51\INC\REG52.H(85): error C231: 'INT1': redefinition
C:\KEIL\C51\INC\REG52.H(86): error C231: 'INT0': redefinition
C:\KEIL\C51\INC\REG52.H(87): error C231: 'TXD': redefinition
C:\KEIL\C51\INC\REG52.H(88): error C231: 'RXD': redefinition
C:\KEIL\C51\INC\REG52.H(91): error C231: 'SM0': redefinition
C:\KEIL\C51\INC\REG52.H(92): error C231: 'SM1': redefinition
C:\KEIL\C51\INC\REG52.H(93): error C231: 'SM2': redefinition
C:\KEIL\C51\INC\REG52.H(94): error C231: 'REN': redefinition
C:\KEIL\C51\INC\REG52.H(95): error C231: 'TB8': redefinition
C:\KEIL\C51\INC\REG52.H(96): error C231: 'RB8': redefinition
C:\KEIL\C51\INC\REG52.H(97): error C231: 'TI': redefinition
C:\KEIL\C51\INC\REG52.H(98): error C231: 'RI': redefinition
LIGHT.C(71): error C202: 'table5': undefined identifier
目标未创建
Build target '目标 1'
compiling light.c...
C:\KEIL\C51\INC\REG52.H(13): error C231: 'P0': redefinition
C:\KEIL\C51\INC\REG52.H(14): error C231: 'P1': redefinition
C:\KEIL\C51\INC\REG52.H(15): error C231: 'P2': redefinition
C:\KEIL\C51\INC\REG52.H(16): error C231: 'P3': redefinition
C:\KEIL\C51\INC\REG52.H(17): error C231: 'PSW': redefinition
C:\KEIL\C51\INC\REG52.H(18): error C231: 'ACC': redefinition
C:\KEIL\C51\INC\REG52.H(19): error C231: 'B': redefinition
C:\KEIL\C51\INC\REG52.H(20): error C231: 'SP': redefinition
C:\KEIL\C51\INC\REG52.H(21): error C231: 'DPL': redefinition
C:\KEIL\C51\INC\REG52.H(22): error C231: 'DPH': redefinition
C:\KEIL\C51\INC\REG52.H(23): error C231: 'PCON': redefinition
C:\KEIL\C51\INC\REG52.H(24): error C231: 'TCON': redefinition
C:\KEIL\C51\INC\REG52.H(25): error C231: 'TMOD': redefinition
C:\KEIL\C51\INC\REG52.H(26): error C231: 'TL0': redefinition
C:\KEIL\C51\INC\REG52.H(27): error C231: 'TL1': redefinition
C:\KEIL\C51\INC\REG52.H(28): error C231: 'TH0': redefinition
C:\KEIL\C51\INC\REG52.H(29): error C231: 'TH1': redefinition
C:\KEIL\C51\INC\REG52.H(30): error C231: 'IE': redefinition
C:\KEIL\C51\INC\REG52.H(31): error C231: 'IP': redefinition
C:\KEIL\C51\INC\REG52.H(32): error C231: 'SCON': redefinition
C:\KEIL\C51\INC\REG52.H(33): error C231: 'SBUF': redefinition
C:\KEIL\C51\INC\REG52.H(45): error C231: 'CY': redefinition
C:\KEIL\C51\INC\REG52.H(46): error C231: 'AC': redefinition
C:\KEIL\C51\INC\REG52.H(47): error C231: 'F0': redefinition
C:\KEIL\C51\INC\REG52.H(48): error C231: 'RS1': redefinition
C:\KEIL\C51\INC\REG52.H(49): error C231: 'RS0': redefinition
C:\KEIL\C51\INC\REG52.H(50): error C231: 'OV': redefinition
C:\KEIL\C51\INC\REG52.H(51): error C231: 'P': redefinition
C:\KEIL\C51\INC\REG52.H(54): error C231: 'TF1': redefinition
C:\KEIL\C51\INC\REG52.H(55): error C231: 'TR1': redefinition
C:\KEIL\C51\INC\REG52.H(56): error C231: 'TF0': redefinition
C:\KEIL\C51\INC\REG52.H(57): error C231: 'TR0': redefinition
C:\KEIL\C51\INC\REG52.H(58): error C231: 'IE1': redefinition
C:\KEIL\C51\INC\REG52.H(59): error C231: 'IT1': redefinition
C:\KEIL\C51\INC\REG52.H(60): error C231: 'IE0': redefinition
C:\KEIL\C51\INC\REG52.H(61): error C231: 'IT0': redefinition
C:\KEIL\C51\INC\REG52.H(64): error C231: 'EA': redefinition
C:\KEIL\C51\INC\REG52.H(66): error C231: 'ES': redefinition
C:\KEIL\C51\INC\REG52.H(67): error C231: 'ET1': redefinition
C:\KEIL\C51\INC\REG52.H(68): error C231: 'EX1': redefinition
C:\KEIL\C51\INC\REG52.H(69): error C231: 'ET0': redefinition
C:\KEIL\C51\INC\REG52.H(70): error C231: 'EX0': redefinition
C:\KEIL\C51\INC\REG52.H(74): error C231: 'PS': redefinition
C:\KEIL\C51\INC\REG52.H(75): error C231: 'PT1': redefinition
C:\KEIL\C51\INC\REG52.H(76): error C231: 'PX1': redefinition
C:\KEIL\C51\INC\REG52.H(77): error C231: 'PT0': redefinition
C:\KEIL\C51\INC\REG52.H(78): error C231: 'PX0': redefinition
C:\KEIL\C51\INC\REG52.H(81): error C231: 'RD': redefinition
C:\KEIL\C51\INC\REG52.H(82): error C231: 'WR': redefinition
C:\KEIL\C51\INC\REG52.H(83): error C231: 'T1': redefinition
C:\KEIL\C51\INC\REG52.H(84): error C231: 'T0': redefinition
C:\KEIL\C51\INC\REG52.H(85): error C231: 'INT1': redefinition
C:\KEIL\C51\INC\REG52.H(86): error C231: 'INT0': redefinition
C:\KEIL\C51\INC\REG52.H(87): error C231: 'TXD': redefinition
C:\KEIL\C51\INC\REG52.H(88): error C231: 'RXD': redefinition
C:\KEIL\C51\INC\REG52.H(91): error C231: 'SM0': redefinition
C:\KEIL\C51\INC\REG52.H(92): error C231: 'SM1': redefinition
C:\KEIL\C51\INC\REG52.H(93): error C231: 'SM2': redefinition
C:\KEIL\C51\INC\REG52.H(94): error C231: 'REN': redefinition
C:\KEIL\C51\INC\REG52.H(95): error C231: 'TB8': redefinition
C:\KEIL\C51\INC\REG52.H(96): error C231: 'RB8': redefinition
C:\KEIL\C51\INC\REG52.H(97): error C231: 'TI': redefinition
C:\KEIL\C51\INC\REG52.H(98): error C231: 'RI': redefinition
目标未创建
Build target '目标 1'
compiling light.c...
LIGHT.C(19): warning C206: 'I2C_Start': missing function-prototype
LIGHT.C(20): warning C206: 'I2C_SendByte': missing function-prototype
LIGHT.C(20): error C267: 'I2C_SendByte': requires ANSI-style prototype
目标未创建
Build target '目标 1'
compiling light.c...
C:\KEIL\C51\INC\REG52.H(13): error C231: 'P0': redefinition
C:\KEIL\C51\INC\REG52.H(14): error C231: 'P1': redefinition
C:\KEIL\C51\INC\REG52.H(15): error C231: 'P2': redefinition
C:\KEIL\C51\INC\REG52.H(16): error C231: 'P3': redefinition
C:\KEIL\C51\INC\REG52.H(17): error C231: 'PSW': redefinition
C:\KEIL\C51\INC\REG52.H(18): error C231: 'ACC': redefinition
C:\KEIL\C51\INC\REG52.H(19): error C231: 'B': redefinition
C:\KEIL\C51\INC\REG52.H(20): error C231: 'SP': redefinition
C:\KEIL\C51\INC\REG52.H(21): error C231: 'DPL': redefinition
C:\KEIL\C51\INC\REG52.H(22): error C231: 'DPH': redefinition
C:\KEIL\C51\INC\REG52.H(23): error C231: 'PCON': redefinition
C:\KEIL\C51\INC\REG52.H(24): error C231: 'TCON': redefinition
C:\KEIL\C51\INC\REG52.H(25): error C231: 'TMOD': redefinition
C:\KEIL\C51\INC\REG52.H(26): error C231: 'TL0': redefinition
C:\KEIL\C51\INC\REG52.H(27): error C231: 'TL1': redefinition
C:\KEIL\C51\INC\REG52.H(28): error C231: 'TH0': redefinition
C:\KEIL\C51\INC\REG52.H(29): error C231: 'TH1': redefinition
C:\KEIL\C51\INC\REG52.H(30): error C231: 'IE': redefinition
C:\KEIL\C51\INC\REG52.H(31): error C231: 'IP': redefinition
C:\KEIL\C51\INC\REG52.H(32): error C231: 'SCON': redefinition
C:\KEIL\C51\INC\REG52.H(33): error C231: 'SBUF': redefinition
C:\KEIL\C51\INC\REG52.H(45): error C231: 'CY': redefinition
C:\KEIL\C51\INC\REG52.H(46): error C231: 'AC': redefinition
C:\KEIL\C51\INC\REG52.H(47): error C231: 'F0': redefinition
C:\KEIL\C51\INC\REG52.H(48): error C231: 'RS1': redefinition
C:\KEIL\C51\INC\REG52.H(49): error C231: 'RS0': redefinition
C:\KEIL\C51\INC\REG52.H(50): error C231: 'OV': redefinition
C:\KEIL\C51\INC\REG52.H(51): error C231: 'P': redefinition
C:\KEIL\C51\INC\REG52.H(54): error C231: 'TF1': redefinition
C:\KEIL\C51\INC\REG52.H(55): error C231: 'TR1': redefinition
C:\KEIL\C51\INC\REG52.H(56): error C231: 'TF0': redefinition
C:\KEIL\C51\INC\REG52.H(57): error C231: 'TR0': redefinition
C:\KEIL\C51\INC\REG52.H(58): error C231: 'IE1': redefinition
C:\KEIL\C51\INC\REG52.H(59): error C231: 'IT1': redefinition
C:\KEIL\C51\INC\REG52.H(60): error C231: 'IE0': redefinition
C:\KEIL\C51\INC\REG52.H(61): error C231: 'IT0': redefinition
C:\KEIL\C51\INC\REG52.H(64): error C231: 'EA': redefinition
C:\KEIL\C51\INC\REG52.H(66): error C231: 'ES': redefinition
C:\KEIL\C51\INC\REG52.H(67): error C231: 'ET1': redefinition
C:\KEIL\C51\INC\REG52.H(68): error C231: 'EX1': redefinition
C:\KEIL\C51\INC\REG52.H(69): error C231: 'ET0': redefinition
C:\KEIL\C51\INC\REG52.H(70): error C231: 'EX0': redefinition
C:\KEIL\C51\INC\REG52.H(74): error C231: 'PS': redefinition
C:\KEIL\C51\INC\REG52.H(75): error C231: 'PT1': redefinition
C:\KEIL\C51\INC\REG52.H(76): error C231: 'PX1': redefinition
C:\KEIL\C51\INC\REG52.H(77): error C231: 'PT0': redefinition
C:\KEIL\C51\INC\REG52.H(78): error C231: 'PX0': redefinition
C:\KEIL\C51\INC\REG52.H(81): error C231: 'RD': redefinition
C:\KEIL\C51\INC\REG52.H(82): error C231: 'WR': redefinition
C:\KEIL\C51\INC\REG52.H(83): error C231: 'T1': redefinition
C:\KEIL\C51\INC\REG52.H(84): error C231: 'T0': redefinition
C:\KEIL\C51\INC\REG52.H(85): error C231: 'INT1': redefinition
C:\KEIL\C51\INC\REG52.H(86): error C231: 'INT0': redefinition
C:\KEIL\C51\INC\REG52.H(87): error C231: 'TXD': redefinition
C:\KEIL\C51\INC\REG52.H(88): error C231: 'RXD': redefinition
C:\KEIL\C51\INC\REG52.H(91): error C231: 'SM0': redefinition
C:\KEIL\C51\INC\REG52.H(92): error C231: 'SM1': redefinition
C:\KEIL\C51\INC\REG52.H(93): error C231: 'SM2': redefinition
C:\KEIL\C51\INC\REG52.H(94): error C231: 'REN': redefinition
C:\KEIL\C51\INC\REG52.H(95): error C231: 'TB8': redefinition
C:\KEIL\C51\INC\REG52.H(96): error C231: 'RB8': redefinition
C:\KEIL\C51\INC\REG52.H(97): error C231: 'TI': redefinition
C:\KEIL\C51\INC\REG52.H(98): error C231: 'RI': redefinition
目标未创建
Build target '目标 1'
compiling light.c...
LIGHT.C(55): warning C206: '_nop_': missing function-prototype
LIGHT.C(55): error C264: intrinsic '_nop_': declaration/activation error
LIGHT.C(71): error C202: 'table5': undefined identifier
compiling 1602.c...
1602.C(6): error C202: 'P2': undefined identifier
1602.C(7): error C202: 'P2': undefined identifier
1602.C(8): error C202: 'P2': undefined identifier
1602.C(29): error C202: 'rs': undefined identifier
1602.C(30): error C202: 'lcden': undefined identifier
1602.C(31): error C202: 'rd': undefined identifier
1602.C(32): error C202: 'P0': undefined identifier
1602.C(34): error C202: 'lcden': undefined identifier
1602.C(36): error C202: 'lcden': undefined identifier
1602.C(41): error C202: 'rs': undefined identifier
1602.C(42): error C202: 'lcden': undefined identifier
1602.C(43): error C202: 'rd': undefined identifier
1602.C(44): error C202: 'P0': undefined identifier
1602.C(46): error C202: 'lcden': undefined identifier
1602.C(48): error C202: 'lcden': undefined identifier
1602.C(55): error C202: 'lcden': undefined identifier
目标未创建
Build target '目标 1'
compiling light.c...
LIGHT.C(55): warning C206: '_nop_': missing function-prototype
LIGHT.C(55): error C264: intrinsic '_nop_': declaration/activation error
LIGHT.C(71): error C202: 'table5': undefined identifier
compiling 1602.c...
1602.C(6): error C202: 'P2': undefined identifier
1602.C(7): error C202: 'P2': undefined identifier
1602.C(8): error C202: 'P2': undefined identifier
1602.C(29): error C202: 'rs': undefined identifier
1602.C(30): error C202: 'lcden': undefined identifier
1602.C(31): error C202: 'rd': undefined identifier
1602.C(32): error C202: 'P0': undefined identifier
1602.C(34): error C202: 'lcden': undefined identifier
1602.C(36): error C202: 'lcden': undefined identifier
1602.C(41): error C202: 'rs': undefined identifier
1602.C(42): error C202: 'lcden': undefined identifier
1602.C(43): error C202: 'rd': undefined identifier
1602.C(44): error C202: 'P0': undefined identifier
1602.C(46): error C202: 'lcden': undefined identifier
1602.C(48): error C202: 'lcden': undefined identifier
1602.C(55): error C202: 'lcden': undefined identifier
目标未创建
Build target '目标 1'
compiling light.c...
C:\KEIL\C51\INC\REG52.H(13): error C231: 'P0': redefinition
C:\KEIL\C51\INC\REG52.H(14): error C231: 'P1': redefinition
C:\KEIL\C51\INC\REG52.H(15): error C231: 'P2': redefinition
C:\KEIL\C51\INC\REG52.H(16): error C231: 'P3': redefinition
C:\KEIL\C51\INC\REG52.H(17): error C231: 'PSW': redefinition
C:\KEIL\C51\INC\REG52.H(18): error C231: 'ACC': redefinition
C:\KEIL\C51\INC\REG52.H(19): error C231: 'B': redefinition
C:\KEIL\C51\INC\REG52.H(20): error C231: 'SP': redefinition
C:\KEIL\C51\INC\REG52.H(21): error C231: 'DPL': redefinition
C:\KEIL\C51\INC\REG52.H(22): error C231: 'DPH': redefinition
C:\KEIL\C51\INC\REG52.H(23): error C231: 'PCON': redefinition
C:\KEIL\C51\INC\REG52.H(24): error C231: 'TCON': redefinition
C:\KEIL\C51\INC\REG52.H(25): error C231: 'TMOD': redefinition
C:\KEIL\C51\INC\REG52.H(26): error C231: 'TL0': redefinition
C:\KEIL\C51\INC\REG52.H(27): error C231: 'TL1': redefinition
C:\KEIL\C51\INC\REG52.H(28): error C231: 'TH0': redefinition
C:\KEIL\C51\INC\REG52.H(29): error C231: 'TH1': redefinition
C:\KEIL\C51\INC\REG52.H(30): error C231: 'IE': redefinition
C:\KEIL\C51\INC\REG52.H(31): error C231: 'IP': redefinition
C:\KEIL\C51\INC\REG52.H(32): error C231: 'SCON': redefinition
C:\KEIL\C51\INC\REG52.H(33): error C231: 'SBUF': redefinition
C:\KEIL\C51\INC\REG52.H(45): error C231: 'CY': redefinition
C:\KEIL\C51\INC\REG52.H(46): error C231: 'AC': redefinition
C:\KEIL\C51\INC\REG52.H(47): error C231: 'F0': redefinition
C:\KEIL\C51\INC\REG52.H(48): error C231: 'RS1': redefinition
C:\KEIL\C51\INC\REG52.H(49): error C231: 'RS0': redefinition
C:\KEIL\C51\INC\REG52.H(50): error C231: 'OV': redefinition
C:\KEIL\C51\INC\REG52.H(51): error C231: 'P': redefinition
C:\KEIL\C51\INC\REG52.H(54): error C231: 'TF1': redefinition
C:\KEIL\C51\INC\REG52.H(55): error C231: 'TR1': redefinition
C:\KEIL\C51\INC\REG52.H(56): error C231: 'TF0': redefinition
C:\KEIL\C51\INC\REG52.H(57): error C231: 'TR0': redefinition
C:\KEIL\C51\INC\REG52.H(58): error C231: 'IE1': redefinition
C:\KEIL\C51\INC\REG52.H(59): error C231: 'IT1': redefinition
C:\KEIL\C51\INC\REG52.H(60): error C231: 'IE0': redefinition
C:\KEIL\C51\INC\REG52.H(61): error C231: 'IT0': redefinition
C:\KEIL\C51\INC\REG52.H(64): error C231: 'EA': redefinition
C:\KEIL\C51\INC\REG52.H(66): error C231: 'ES': redefinition
C:\KEIL\C51\INC\REG52.H(67): error C231: 'ET1': redefinition
C:\KEIL\C51\INC\REG52.H(68): error C231: 'EX1': redefinition
C:\KEIL\C51\INC\REG52.H(69): error C231: 'ET0': redefinition
C:\KEIL\C51\INC\REG52.H(70): error C231: 'EX0': redefinition
C:\KEIL\C51\INC\REG52.H(74): error C231: 'PS': redefinition
C:\KEIL\C51\INC\REG52.H(75): error C231: 'PT1': redefinition
C:\KEIL\C51\INC\REG52.H(76): error C231: 'PX1': redefinition
C:\KEIL\C51\INC\REG52.H(77): error C231: 'PT0': redefinition
C:\KEIL\C51\INC\REG52.H(78): error C231: 'PX0': redefinition
C:\KEIL\C51\INC\REG52.H(81): error C231: 'RD': redefinition
C:\KEIL\C51\INC\REG52.H(82): error C231: 'WR': redefinition
C:\KEIL\C51\INC\REG52.H(83): error C231: 'T1': redefinition
C:\KEIL\C51\INC\REG52.H(84): error C231: 'T0': redefinition
C:\KEIL\C51\INC\REG52.H(85): error C231: 'INT1': redefinition
C:\KEIL\C51\INC\REG52.H(86): error C231: 'INT0': redefinition
C:\KEIL\C51\INC\REG52.H(87): error C231: 'TXD': redefinition
C:\KEIL\C51\INC\REG52.H(88): error C231: 'RXD': redefinition
C:\KEIL\C51\INC\REG52.H(91): error C231: 'SM0': redefinition
C:\KEIL\C51\INC\REG52.H(92): error C231: 'SM1': redefinition
C:\KEIL\C51\INC\REG52.H(93): error C231: 'SM2': redefinition
C:\KEIL\C51\INC\REG52.H(94): error C231: 'REN': redefinition
C:\KEIL\C51\INC\REG52.H(95): error C231: 'TB8': redefinition
C:\KEIL\C51\INC\REG52.H(96): error C231: 'RB8': redefinition
C:\KEIL\C51\INC\REG52.H(97): error C231: 'TI': redefinition
C:\KEIL\C51\INC\REG52.H(98): error C231: 'RI': redefinition
compiling 1602.c...
1602.C(6): error C202: 'P2': undefined identifier
1602.C(7): error C202: 'P2': undefined identifier
1602.C(8): error C202: 'P2': undefined identifier
1602.C(29): error C202: 'rs': undefined identifier
1602.C(30): error C202: 'lcden': undefined identifier
1602.C(31): error C202: 'rd': undefined identifier
1602.C(32): error C202: 'P0': undefined identifier
1602.C(34): error C202: 'lcden': undefined identifier
1602.C(36): error C202: 'lcden': undefined identifier
1602.C(41): error C202: 'rs': undefined identifier
1602.C(42): error C202: 'lcden': undefined identifier
1602.C(43): error C202: 'rd': undefined identifier
1602.C(44): error C202: 'P0': undefined identifier
1602.C(46): error C202: 'lcden': undefined identifier
1602.C(48): error C202: 'lcden': undefined identifier
1602.C(55): error C202: 'lcden': undefined identifier
目标未创建
Build target '目标 1'
compiling light.c...
C:\KEIL\C51\INC\ATMEL\REG51.H(13): error C231: 'P0': redefinition
C:\KEIL\C51\INC\ATMEL\REG51.H(14): error C231: 'P1': redefinition
C:\KEIL\C51\INC\ATMEL\REG51.H(15): error C231: 'P2': redefinition
C:\KEIL\C51\INC\ATMEL\REG51.H(16): error C231: 'P3': redefinition
C:\KEIL\C51\INC\ATMEL\REG51.H(17): error C231: 'PSW': redefinition
C:\KEIL\C51\INC\ATMEL\REG51.H(18): error C231: 'ACC': redefinition
C:\KEIL\C51\INC\ATMEL\REG51.H(19): error C231: 'B': redefinition
C:\KEIL\C51\INC\ATMEL\REG51.H(20): error C231: 'SP': redefinition
C:\KEIL\C51\INC\ATMEL\REG51.H(21): error C231: 'DPL': redefinition
C:\KEIL\C51\INC\ATMEL\REG51.H(22): error C231: 'DPH': redefinition
C:\KEIL\C51\INC\ATMEL\REG51.H(23): error C231: 'PCON': redefinition
C:\KEIL\C51\INC\ATMEL\REG51.H(24): error C231: 'TCON': redefinition
C:\KEIL\C51\INC\ATMEL\REG51.H(25): error C231: 'TMOD': redefinition
C:\KEIL\C51\INC\ATMEL\REG51.H(26): error C231: 'TL0': redefinition
C:\KEIL\C51\INC\ATMEL\REG51.H(27): error C231: 'TL1': redefinition
C:\KEIL\C51\INC\ATMEL\REG51.H(28): error C231: 'TH0': redefinition
C:\KEIL\C51\INC\ATMEL\REG51.H(29): error C231: 'TH1': redefinition
C:\KEIL\C51\INC\ATMEL\REG51.H(30): error C231: 'IE': redefinition
C:\KEIL\C51\INC\ATMEL\REG51.H(31): error C231: 'IP': redefinition
C:\KEIL\C51\INC\ATMEL\REG51.H(32): error C231: 'SCON': redefinition
C:\KEIL\C51\INC\ATMEL\REG51.H(33): error C231: 'SBUF': redefinition
C:\KEIL\C51\INC\ATMEL\REG51.H(38): error C231: 'CY': redefinition
C:\KEIL\C51\INC\ATMEL\REG51.H(39): error C231: 'AC': redefinition
C:\KEIL\C51\INC\ATMEL\REG51.H(40): error C231: 'F0': redefinition
C:\KEIL\C51\INC\ATMEL\REG51.H(41): error C231: 'RS1': redefinition
C:\KEIL\C51\INC\ATMEL\REG51.H(42): error C231: 'RS0': redefinition
C:\KEIL\C51\INC\ATMEL\REG51.H(43): error C231: 'OV': redefinition
C:\KEIL\C51\INC\ATMEL\REG51.H(44): error C231: 'P': redefinition
C:\KEIL\C51\INC\ATMEL\REG51.H(47): error C231: 'TF1': redefinition
C:\KEIL\C51\INC\ATMEL\REG51.H(48): error C231: 'TR1': redefinition
C:\KEIL\C51\INC\ATMEL\REG51.H(49): error C231: 'TF0': redefinition
C:\KEIL\C51\INC\ATMEL\REG51.H(50): error C231: 'TR0': redefinition
C:\KEIL\C51\INC\ATMEL\REG51.H(51): error C231: 'IE1': redefinition
C:\KEIL\C51\INC\ATMEL\REG51.H(52): error C231: 'IT1': redefinition
C:\KEIL\C51\INC\ATMEL\REG51.H(53): error C231: 'IE0': redefinition
C:\KEIL\C51\INC\ATMEL\REG51.H(54): error C231: 'IT0': redefinition
C:\KEIL\C51\INC\ATMEL\REG51.H(57): error C231: 'EA': redefinition
C:\KEIL\C51\INC\ATMEL\REG51.H(58): error C231: 'ES': redefinition
C:\KEIL\C51\INC\ATMEL\REG51.H(59): error C231: 'ET1': redefinition
C:\KEIL\C51\INC\ATMEL\REG51.H(60): error C231: 'EX1': redefinition
C:\KEIL\C51\INC\ATMEL\REG51.H(61): error C231: 'ET0': redefinition
C:\KEIL\C51\INC\ATMEL\REG51.H(62): error C231: 'EX0': redefinition
C:\KEIL\C51\INC\ATMEL\REG51.H(65): error C231: 'PS': redefinition
C:\KEIL\C51\INC\ATMEL\REG51.H(66): error C231: 'PT1': redefinition
C:\KEIL\C51\INC\ATMEL\REG51.H(67): error C231: 'PX1': redefinition
C:\KEIL\C51\INC\ATMEL\REG51.H(68): error C231: 'PT0': redefinition
C:\KEIL\C51\INC\ATMEL\REG51.H(69): error C231: 'PX0': redefinition
C:\KEIL\C51\INC\ATMEL\REG51.H(72): error C231: 'RD': redefinition
C:\KEIL\C51\INC\ATMEL\REG51.H(73): error C231: 'WR': redefinition
C:\KEIL\C51\INC\ATMEL\REG51.H(74): error C231: 'T1': redefinition
C:\KEIL\C51\INC\ATMEL\REG51.H(75): error C231: 'T0': redefinition
C:\KEIL\C51\INC\ATMEL\REG51.H(76): error C231: 'INT1': redefinition
C:\KEIL\C51\INC\ATMEL\REG51.H(77): error C231: 'INT0': redefinition
C:\KEIL\C51\INC\ATMEL\REG51.H(78): error C231: 'TXD': redefinition
C:\KEIL\C51\INC\ATMEL\REG51.H(79): error C231: 'RXD': redefinition
C:\KEIL\C51\INC\ATMEL\REG51.H(82): error C231: 'SM0': redefinition
C:\KEIL\C51\INC\ATMEL\REG51.H(83): error C231: 'SM1': redefinition
C:\KEIL\C51\INC\ATMEL\REG51.H(84): error C231: 'SM2': redefinition
C:\KEIL\C51\INC\ATMEL\REG51.H(85): error C231: 'REN': redefinition
C:\KEIL\C51\INC\ATMEL\REG51.H(86): error C231: 'TB8': redefinition
C:\KEIL\C51\INC\ATMEL\REG51.H(87): error C231: 'RB8': redefinition
C:\KEIL\C51\INC\ATMEL\REG51.H(88): error C231: 'TI': redefinition
C:\KEIL\C51\INC\ATMEL\REG51.H(89): error C231: 'RI': redefinition
compiling 1602.c...
1602.C(6): error C202: 'P2': undefined identifier
1602.C(7): error C202: 'P2': undefined identifier
1602.C(8): error C202: 'P2': undefined identifier
1602.C(29): error C202: 'rs': undefined identifier
1602.C(30): error C202: 'lcden': undefined identifier
1602.C(31): error C202: 'rd': undefined identifier
1602.C(32): error C202: 'P0': undefined identifier
1602.C(34): error C202: 'lcden': undefined identifier
1602.C(36): error C202: 'lcden': undefined identifier
1602.C(41): error C202: 'rs': undefined identifier
1602.C(42): error C202: 'lcden': undefined identifier
1602.C(43): error C202: 'rd': undefined identifier
1602.C(44): error C202: 'P0': undefined identifier
1602.C(46): error C202: 'lcden': undefined identifier
1602.C(48): error C202: 'lcden': undefined identifier
1602.C(55): error C202: 'lcden': undefined identifier
目标未创建
Build target '目标 1'
compiling light.c...
LIGHT.C(55): warning C206: '_nop_': missing function-prototype
LIGHT.C(55): error C264: intrinsic '_nop_': declaration/activation error
LIGHT.C(71): error C202: 'table5': undefined identifier
compiling 1602.c...
1602.C(6): error C202: 'P2': undefined identifier
1602.C(7): error C202: 'P2': undefined identifier
1602.C(8): error C202: 'P2': undefined identifier
1602.C(29): error C202: 'rs': undefined identifier
1602.C(30): error C202: 'lcden': undefined identifier
1602.C(31): error C202: 'rd': undefined identifier
1602.C(32): error C202: 'P0': undefined identifier
1602.C(34): error C202: 'lcden': undefined identifier
1602.C(36): error C202: 'lcden': undefined identifier
1602.C(41): error C202: 'rs': undefined identifier
1602.C(42): error C202: 'lcden': undefined identifier
1602.C(43): error C202: 'rd': undefined identifier
1602.C(44): error C202: 'P0': undefined identifier
1602.C(46): error C202: 'lcden': undefined identifier
1602.C(48): error C202: 'lcden': undefined identifier
1602.C(55): error C202: 'lcden': undefined identifier
目标未创建
Build target '目标 1'
compiling light.c...
LIGHT.C(71): error C202: 'table5': undefined identifier
compiling 1602.c...
1602.C(6): error C202: 'P2': undefined identifier
1602.C(7): error C202: 'P2': undefined identifier
1602.C(8): error C202: 'P2': undefined identifier
1602.C(29): error C202: 'rs': undefined identifier
1602.C(30): error C202: 'lcden': undefined identifier
1602.C(31): error C202: 'rd': undefined identifier
1602.C(32): error C202: 'P0': undefined identifier
1602.C(34): error C202: 'lcden': undefined identifier
1602.C(36): error C202: 'lcden': undefined identifier
1602.C(41): error C202: 'rs': undefined identifier
1602.C(42): error C202: 'lcden': undefined identifier
1602.C(43): error C202: 'rd': undefined identifier
1602.C(44): error C202: 'P0': undefined identifier
1602.C(46): error C202: 'lcden': undefined identifier
1602.C(48): error C202: 'lcden': undefined identifier
1602.C(55): error C202: 'lcden': undefined identifier
目标未创建
Build target '目标 1'
compiling light.c...
LIGHT.C(71): error C202: 'table5': undefined identifier
compiling 1602.c...
目标未创建
Build target '目标 1'
compiling light.c...
linking...
*** WARNING L16: UNCALLED SEGMENT, IGNORED FOR OVERLAY PROCESS
    SEGMENT: ?PR?_DELAY1?1602
*** WARNING L16: UNCALLED SEGMENT, IGNORED FOR OVERLAY PROCESS
    SEGMENT: ?PR?INIT?1602
Program Size: data=81.1 xdata=0 code=3279
creating hex file from "light_1"...
"light_1" - 0 Error(s), 2 Warning(s).
Build target '目标 1'
compiling light.c...
linking...
*** WARNING L16: UNCALLED SEGMENT, IGNORED FOR OVERLAY PROCESS
    SEGMENT: ?PR?_DELAY1?1602
Program Size: data=81.1 xdata=0 code=3282
creating hex file from "light_1"...
"light_1" - 0 Error(s), 1 Warning(s).
Build target '目标 1'
compiling light.c...
LIGHT.C(61): warning C280: 'adNum': unreferenced local variable
LIGHT.C(63): warning C280: 'value': unreferenced local variable
linking...
*** WARNING L16: UNCALLED SEGMENT, IGNORED FOR OVERLAY PROCESS
    SEGMENT: ?PR?PCF8591READBYTE?LIGHT
*** WARNING L16: UNCALLED SEGMENT, IGNORED FOR OVERLAY PROCESS
    SEGMENT: ?PR?DELAY1S?LIGHT
*** WARNING L16: UNCALLED SEGMENT, IGNORED FOR OVERLAY PROCESS
    SEGMENT: ?PR?_DELAY1?1602
Program Size: data=56.0 xdata=0 code=603
creating hex file from "light_1"...
"light_1" - 0 Error(s), 5 Warning(s).
Build target '目标 1'
compiling light.c...
LIGHT.C(61): warning C280: 'adNum': unreferenced local variable
LIGHT.C(63): warning C280: 'value': unreferenced local variable
linking...
*** WARNING L16: UNCALLED SEGMENT, IGNORED FOR OVERLAY PROCESS
    SEGMENT: ?PR?PCF8591READBYTE?LIGHT
*** WARNING L16: UNCALLED SEGMENT, IGNORED FOR OVERLAY PROCESS
    SEGMENT: ?PR?DELAY1S?LIGHT
*** WARNING L16: UNCALLED SEGMENT, IGNORED FOR OVERLAY PROCESS
    SEGMENT: ?PR?_DELAY1?1602
Program Size: data=56.0 xdata=0 code=603
creating hex file from "light_1"...
"light_1" - 0 Error(s), 5 Warning(s).
Build target '目标 1'
compiling light.c...
LIGHT.C(61): warning C280: 'adNum': unreferenced local variable
LIGHT.C(63): warning C280: 'value': unreferenced local variable
linking...
*** WARNING L16: UNCALLED SEGMENT, IGNORED FOR OVERLAY PROCESS
    SEGMENT: ?PR?PCF8591READBYTE?LIGHT
*** WARNING L16: UNCALLED SEGMENT, IGNORED FOR OVERLAY PROCESS
    SEGMENT: ?PR?DELAY1S?LIGHT
*** WARNING L16: UNCALLED SEGMENT, IGNORED FOR OVERLAY PROCESS
    SEGMENT: ?PR?_DELAY1?1602
Program Size: data=56.0 xdata=0 code=603
creating hex file from "light_1"...
"light_1" - 0 Error(s), 5 Warning(s).
Build target '目标 1'
compiling light.c...
LIGHT.C(61): warning C280: 'adNum': unreferenced local variable
LIGHT.C(63): warning C280: 'value': unreferenced local variable
linking...
*** WARNING L16: UNCALLED SEGMENT, IGNORED FOR OVERLAY PROCESS
    SEGMENT: ?PR?PCF8591READBYTE?LIGHT
*** WARNING L16: UNCALLED SEGMENT, IGNORED FOR OVERLAY PROCESS
    SEGMENT: ?PR?DELAY1S?LIGHT
*** WARNING L16: UNCALLED SEGMENT, IGNORED FOR OVERLAY PROCESS
    SEGMENT: ?PR?_DELAY1?1602
Program Size: data=44.0 xdata=0 code=601
creating hex file from "light_1"...
"light_1" - 0 Error(s), 5 Warning(s).
Build target '目标 1'
compiling light.c...
LIGHT.C(61): warning C280: 'adNum': unreferenced local variable
LIGHT.C(63): warning C280: 'value': unreferenced local variable
linking...
*** WARNING L16: UNCALLED SEGMENT, IGNORED FOR OVERLAY PROCESS
    SEGMENT: ?PR?PCF8591READBYTE?LIGHT
*** WARNING L16: UNCALLED SEGMENT, IGNORED FOR OVERLAY PROCESS
    SEGMENT: ?PR?DELAY1S?LIGHT
*** WARNING L16: UNCALLED SEGMENT, IGNORED FOR OVERLAY PROCESS
    SEGMENT: ?PR?_DELAY1?1602
Program Size: data=44.0 xdata=0 code=601
creating hex file from "light_1"...
"light_1" - 0 Error(s), 5 Warning(s).
Build target '目标 1'
compiling light.c...
LIGHT.C(61): warning C280: 'adNum': unreferenced local variable
LIGHT.C(63): warning C280: 'value': unreferenced local variable
linking...
*** WARNING L16: UNCALLED SEGMENT, IGNORED FOR OVERLAY PROCESS
    SEGMENT: ?PR?PCF8591READBYTE?LIGHT
*** WARNING L16: UNCALLED SEGMENT, IGNORED FOR OVERLAY PROCESS
    SEGMENT: ?PR?DELAY1S?LIGHT
*** WARNING L16: UNCALLED SEGMENT, IGNORED FOR OVERLAY PROCESS
    SEGMENT: ?PR?_DELAY1?1602
Program Size: data=44.0 xdata=0 code=600
creating hex file from "light_1"...
"light_1" - 0 Error(s), 5 Warning(s).
Build target '目标 1'
compiling light.c...
LIGHT.C(61): warning C280: 'adNum': unreferenced local variable
LIGHT.C(63): warning C280: 'value': unreferenced local variable
linking...
*** WARNING L16: UNCALLED SEGMENT, IGNORED FOR OVERLAY PROCESS
    SEGMENT: ?PR?PCF8591READBYTE?LIGHT
*** WARNING L16: UNCALLED SEGMENT, IGNORED FOR OVERLAY PROCESS
    SEGMENT: ?PR?DELAY1S?LIGHT
*** WARNING L16: UNCALLED SEGMENT, IGNORED FOR OVERLAY PROCESS
    SEGMENT: ?PR?_DELAY1?1602
Program Size: data=44.0 xdata=0 code=601
creating hex file from "light_1"...
"light_1" - 0 Error(s), 5 Warning(s).
Build target '目标 1'
compiling light.c...
LIGHT.C(20): error C202: 'WRITEADDR': undefined identifier
LIGHT.C(29): error C202: 'READADDR': undefined identifier
目标未创建
Build target '目标 1'
compiling light.c...
LIGHT.C(17): warning C280: 'channel': unreferenced local variable
LIGHT.C(29): error C202: 'READADDR': undefined identifier
目标未创建
Build target '目标 1'
compiling light.c...
LIGHT.C(17): warning C280: 'channel': unreferenced local variable
LIGHT.C(61): warning C280: 'adNum': unreferenced local variable
LIGHT.C(63): warning C280: 'value': unreferenced local variable
linking...
*** WARNING L16: UNCALLED SEGMENT, IGNORED FOR OVERLAY PROCESS
    SEGMENT: ?PR?PCF8591READBYTE?LIGHT
*** WARNING L16: UNCALLED SEGMENT, IGNORED FOR OVERLAY PROCESS
    SEGMENT: ?PR?DELAY1S?LIGHT
*** WARNING L16: UNCALLED SEGMENT, IGNORED FOR OVERLAY PROCESS
    SEGMENT: ?PR?_I2C_SENDBYTE?I2C
*** WARNING L16: UNCALLED SEGMENT, IGNORED FOR OVERLAY PROCESS
    SEGMENT: ?PR?_DELAY1?1602
Program Size: data=44.0 xdata=0 code=583
creating hex file from "light_1"...
"light_1" - 0 Error(s), 7 Warning(s).
Build target '目标 1'
compiling light.c...
LIGHT.C(61): warning C280: 'adNum': unreferenced local variable
LIGHT.C(63): warning C280: 'value': unreferenced local variable
linking...
*** WARNING L16: UNCALLED SEGMENT, IGNORED FOR OVERLAY PROCESS
    SEGMENT: ?PR?PCF8591READBYTE?LIGHT
*** WARNING L16: UNCALLED SEGMENT, IGNORED FOR OVERLAY PROCESS
    SEGMENT: ?PR?DELAY1S?LIGHT
*** WARNING L16: UNCALLED SEGMENT, IGNORED FOR OVERLAY PROCESS
    SEGMENT: ?PR?_DELAY1?1602
Program Size: data=44.0 xdata=0 code=601
creating hex file from "light_1"...
"light_1" - 0 Error(s), 5 Warning(s).
Build target '目标 1'
compiling light.c...
linking...
*** WARNING L16: UNCALLED SEGMENT, IGNORED FOR OVERLAY PROCESS
    SEGMENT: ?PR?_DELAY1?1602
Program Size: data=69.1 xdata=0 code=3280
creating hex file from "light_1"...
"light_1" - 0 Error(s), 1 Warning(s).
Build target '目标 1'
compiling light.c...
linking...
*** WARNING L16: UNCALLED SEGMENT, IGNORED FOR OVERLAY PROCESS
    SEGMENT: ?PR?_DELAY1?1602
Program Size: data=69.1 xdata=0 code=3280
creating hex file from "light_1"...
"light_1" - 0 Error(s), 1 Warning(s).
Build target '目标 1'
compiling light.c...
linking...
*** WARNING L16: UNCALLED SEGMENT, IGNORED FOR OVERLAY PROCESS
    SEGMENT: ?PR?_DELAY1?1602
Program Size: data=81.1 xdata=0 code=3282
creating hex file from "light_1"...
"light_1" - 0 Error(s), 1 Warning(s).
Build target '目标 1'
compiling light.c...
linking...
*** WARNING L16: UNCALLED SEGMENT, IGNORED FOR OVERLAY PROCESS
    SEGMENT: ?PR?_DELAY1?1602
Program Size: data=86.1 xdata=0 code=3287
creating hex file from "light_1"...
"light_1" - 0 Error(s), 1 Warning(s).
Build target '目标 1'
compiling light.c...
linking...
*** WARNING L16: UNCALLED SEGMENT, IGNORED FOR OVERLAY PROCESS
    SEGMENT: ?PR?_DELAY1?1602
Program Size: data=85.1 xdata=0 code=3286
creating hex file from "light_1"...
"light_1" - 0 Error(s), 1 Warning(s).
Build target '目标 1'
compiling light.c...
linking...
*** WARNING L16: UNCALLED SEGMENT, IGNORED FOR OVERLAY PROCESS
    SEGMENT: ?PR?_DELAY1?1602
Program Size: data=86.1 xdata=0 code=3287
creating hex file from "light_1"...
"light_1" - 0 Error(s), 1 Warning(s).
Build target '目标 1'
compiling light.c...
LIGHT.C(85): error C202: 'dis3': undefined identifier
LIGHT.C(86): error C202: 'dis3': undefined identifier
LIGHT.C(87): error C202: 'dis3': undefined identifier
LIGHT.C(88): error C202: 'dis3': undefined identifier
目标未创建
Build target '目标 1'
compiling light.c...
LIGHT.C(85): error C193: '': bad operand type
目标未创建
Build target '目标 1'
compiling light.c...
LIGHT.C(85): error C193: '': bad operand type
目标未创建
Build target '目标 1'
compiling light.c...
LIGHT.C(86): error C193: '': bad operand type
目标未创建
Build target '目标 1'
compiling light.c...
LIGHT.C(85): error C193: '': bad operand type
目标未创建
Build target '目标 1'
compiling light.c...
LIGHT.C(85): error C193: '': bad operand type
compiling 1602.c...
目标未创建
Build target '目标 1'
compiling light.c...
LIGHT.C(88): error C193: '': bad operand type
目标未创建
Build target '目标 1'
compiling light.c...
LIGHT.C(85): warning C260: '=': pointer truncation
LIGHT.C(86): error C193: '': bad operand type
目标未创建
Build target '目标 1'
compiling light.c...
LIGHT.C(85): error C193: '': bad operand type
目标未创建
Build target '目标 1'
compiling light.c...
linking...
*** WARNING L16: UNCALLED SEGMENT, IGNORED FOR OVERLAY PROCESS
    SEGMENT: ?PR?_DELAY1?1602
Program Size: data=30.0 xdata=0 code=1568
creating hex file from "light_1"...
"light_1" - 0 Error(s), 1 Warning(s).
Build target '目标 1'
compiling light.c...
linking...
*** WARNING L16: UNCALLED SEGMENT, IGNORED FOR OVERLAY PROCESS
    SEGMENT: ?PR?_DELAY1?1602
Program Size: data=28.0 xdata=0 code=1727
creating hex file from "light_1"...
"light_1" - 0 Error(s), 1 Warning(s).
Build target '目标 1'
compiling light.c...
linking...
*** WARNING L16: UNCALLED SEGMENT, IGNORED FOR OVERLAY PROCESS
    SEGMENT: ?PR?_DELAY1?1602
Program Size: data=33.0 xdata=0 code=1732
creating hex file from "light_1"...
"light_1" - 0 Error(s), 1 Warning(s).
Build target '目标 1'
compiling light.c...
linking...
*** WARNING L16: UNCALLED SEGMENT, IGNORED FOR OVERLAY PROCESS
    SEGMENT: ?PR?_DELAY1?1602
Program Size: data=34.0 xdata=0 code=1733
creating hex file from "light_1"...
"light_1" - 0 Error(s), 1 Warning(s).
Build target '目标 1'
compiling light.c...
linking...
*** WARNING L16: UNCALLED SEGMENT, IGNORED FOR OVERLAY PROCESS
    SEGMENT: ?PR?_DELAY1?1602
Program Size: data=34.0 xdata=0 code=1720
creating hex file from "light_1"...
"light_1" - 0 Error(s), 1 Warning(s).
Build target '目标 1'
compiling light.c...
linking...
*** WARNING L16: UNCALLED SEGMENT, IGNORED FOR OVERLAY PROCESS
    SEGMENT: ?PR?_DELAY1?1602
Program Size: data=60.1 xdata=0 code=3497
creating hex file from "light_1"...
"light_1" - 0 Error(s), 1 Warning(s).
Build target '目标 1'
compiling light.c...
linking...
*** WARNING L16: UNCALLED SEGMENT, IGNORED FOR OVERLAY PROCESS
    SEGMENT: ?PR?_DELAY1?1602
Program Size: data=60.1 xdata=0 code=3538
creating hex file from "light_1"...
"light_1" - 0 Error(s), 1 Warning(s).
Build target '目标 1'
compiling light.c...
linking...
*** WARNING L16: UNCALLED SEGMENT, IGNORED FOR OVERLAY PROCESS
    SEGMENT: ?PR?_DELAY1?1602
Program Size: data=60.1 xdata=0 code=3538
creating hex file from "light_1"...
"light_1" - 0 Error(s), 1 Warning(s).
Build target '目标 1'
compiling light.c...
LIGHT.C(90): error C193: '': bad operand type
目标未创建
Build target '目标 1'
compiling light.c...
linking...
*** WARNING L16: UNCALLED SEGMENT, IGNORED FOR OVERLAY PROCESS
    SEGMENT: ?PR?_DELAY1?1602
Program Size: data=60.1 xdata=0 code=3541
creating hex file from "light_1"...
"light_1" - 0 Error(s), 1 Warning(s).
Build target '目标 1'
compiling light.c...
linking...
*** WARNING L16: UNCALLED SEGMENT, IGNORED FOR OVERLAY PROCESS
    SEGMENT: ?PR?_DELAY1?1602
Program Size: data=60.1 xdata=0 code=3528
creating hex file from "light_1"...
"light_1" - 0 Error(s), 1 Warning(s).
Build target '目标 1'
linking...
*** WARNING L16: UNCALLED SEGMENT, IGNORED FOR OVERLAY PROCESS
    SEGMENT: ?PR?_DELAY1?1602
Program Size: data=60.1 xdata=0 code=3528
creating hex file from "light_1"...
"light_1" - 0 Error(s), 1 Warning(s).
Build target '目标 1'
compiling light.c...
linking...
*** WARNING L16: UNCALLED SEGMENT, IGNORED FOR OVERLAY PROCESS
    SEGMENT: ?PR?_DELAY1?1602
Program Size: data=60.1 xdata=0 code=3526
creating hex file from "light_1"...
"light_1" - 0 Error(s), 1 Warning(s).
Build target '目标 1'
linking...
*** WARNING L16: UNCALLED SEGMENT, IGNORED FOR OVERLAY PROCESS
    SEGMENT: ?PR?_DELAY1?1602
Program Size: data=60.1 xdata=0 code=3526
creating hex file from "light_1"...
"light_1" - 0 Error(s), 1 Warning(s).
Build target '目标 1'
compiling light.c...
linking...
*** WARNING L16: UNCALLED SEGMENT, IGNORED FOR OVERLAY PROCESS
    SEGMENT: ?PR?_DELAY1?1602
Program Size: data=62.1 xdata=0 code=3533
creating hex file from "light_1"...
"light_1" - 0 Error(s), 1 Warning(s).
Build target '目标 1'
compiling light.c...
linking...
*** WARNING L16: UNCALLED SEGMENT, IGNORED FOR OVERLAY PROCESS
    SEGMENT: ?PR?_DELAY1?1602
Program Size: data=62.1 xdata=0 code=3502
creating hex file from "light_1"...
"light_1" - 0 Error(s), 1 Warning(s).
Build target '目标 1'
compiling light.c...
linking...
*** WARNING L16: UNCALLED SEGMENT, IGNORED FOR OVERLAY PROCESS
    SEGMENT: ?PR?_DELAY1?1602
Program Size: data=62.1 xdata=0 code=3502
creating hex file from "light_1"...
"light_1" - 0 Error(s), 1 Warning(s).
Build target '目标 1'
compiling light.c...
linking...
*** WARNING L16: UNCALLED SEGMENT, IGNORED FOR OVERLAY PROCESS
    SEGMENT: ?PR?_DELAY1?1602
Program Size: data=62.1 xdata=0 code=3502
creating hex file from "light_1"...
"light_1" - 0 Error(s), 1 Warning(s).
Build target '目标 1'
compiling light.c...
linking...
*** WARNING L16: UNCALLED SEGMENT, IGNORED FOR OVERLAY PROCESS
    SEGMENT: ?PR?_DELAY1?1602
Program Size: data=62.1 xdata=0 code=3502
creating hex file from "light_1"...
"light_1" - 0 Error(s), 1 Warning(s).
Build target '目标 1'
compiling light.c...
linking...
*** WARNING L16: UNCALLED SEGMENT, IGNORED FOR OVERLAY PROCESS
    SEGMENT: ?PR?_DELAY1?1602
Program Size: data=62.1 xdata=0 code=3503
creating hex file from "light_1"...
"light_1" - 0 Error(s), 1 Warning(s).
Build target '目标 1'
compiling light.c...
linking...
*** WARNING L16: UNCALLED SEGMENT, IGNORED FOR OVERLAY PROCESS
    SEGMENT: ?PR?_DELAY1?1602
Program Size: data=62.1 xdata=0 code=3502
creating hex file from "light_1"...
"light_1" - 0 Error(s), 1 Warning(s).
Build target '目标 1'
compiling light.c...
linking...
*** WARNING L16: UNCALLED SEGMENT, IGNORED FOR OVERLAY PROCESS
    SEGMENT: ?PR?_DELAY1?1602
Program Size: data=62.1 xdata=0 code=3533
creating hex file from "light_1"...
"light_1" - 0 Error(s), 1 Warning(s).
Build target '目标 1'
compiling light.c...
linking...
*** WARNING L16: UNCALLED SEGMENT, IGNORED FOR OVERLAY PROCESS
    SEGMENT: ?PR?_DELAY1?1602
Program Size: data=60.1 xdata=0 code=3541
creating hex file from "light_1"...
"light_1" - 0 Error(s), 1 Warning(s).
Build target '目标 1'
compiling light.c...
linking...
*** WARNING L16: UNCALLED SEGMENT, IGNORED FOR OVERLAY PROCESS
    SEGMENT: ?PR?_DELAY1?1602
Program Size: data=60.1 xdata=0 code=3541
creating hex file from "light_1"...
"light_1" - 0 Error(s), 1 Warning(s).
Build target '目标 1'
linking...
*** WARNING L16: UNCALLED SEGMENT, IGNORED FOR OVERLAY PROCESS
    SEGMENT: ?PR?_DELAY1?1602
Program Size: data=60.1 xdata=0 code=3541
creating hex file from "light_1"...
"light_1" - 0 Error(s), 1 Warning(s).
Build target '目标 1'
compiling light.c...
linking...
*** WARNING L16: UNCALLED SEGMENT, IGNORED FOR OVERLAY PROCESS
    SEGMENT: ?PR?_DELAY1?1602
Program Size: data=60.1 xdata=0 code=3541
creating hex file from "light_1"...
"light_1" - 0 Error(s), 1 Warning(s).
Build target '目标 1'
compiling light.c...
linking...
*** WARNING L16: UNCALLED SEGMENT, IGNORED FOR OVERLAY PROCESS
    SEGMENT: ?PR?_DELAY1?1602
Program Size: data=60.1 xdata=0 code=3551
creating hex file from "light_1"...
"light_1" - 0 Error(s), 1 Warning(s).
Build target '目标 1'
compiling light.c...
linking...
*** WARNING L16: UNCALLED SEGMENT, IGNORED FOR OVERLAY PROCESS
    SEGMENT: ?PR?_DELAY1?1602
Program Size: data=62.1 xdata=0 code=3568
creating hex file from "light_1"...
"light_1" - 0 Error(s), 1 Warning(s).
Build target '目标 1'
compiling light.c...
linking...
*** WARNING L16: UNCALLED SEGMENT, IGNORED FOR OVERLAY PROCESS
    SEGMENT: ?PR?_DELAY1?1602
Program Size: data=62.1 xdata=0 code=3568
creating hex file from "light_1"...
"light_1" - 0 Error(s), 1 Warning(s).
compiling light.c...
light.c - 0 Error(s), 0 Warning(s).
Build target '目标 1'
linking...
*** WARNING L16: UNCALLED SEGMENT, IGNORED FOR OVERLAY PROCESS
    SEGMENT: ?PR?_DELAY1?1602
Program Size: data=62.1 xdata=0 code=3568
creating hex file from "light_1"...
"light_1" - 0 Error(s), 1 Warning(s).
Build target '目标 1'
linking...
*** WARNING L16: UNCALLED SEGMENT, IGNORED FOR OVERLAY PROCESS
    SEGMENT: ?PR?_DELAY1?1602
Program Size: data=62.1 xdata=0 code=3568
creating hex file from "light_1"...
"light_1" - 0 Error(s), 1 Warning(s).
Build target '目标 1'
compiling light.c...
linking...
*** WARNING L16: UNCALLED SEGMENT, IGNORED FOR OVERLAY PROCESS
    SEGMENT: ?PR?_DELAY1?1602
Program Size: data=96.1 xdata=0 code=3606
creating hex file from "light_1"...
"light_1" - 0 Error(s), 1 Warning(s).
Build target '目标 1'
compiling light.c...
linking...
*** WARNING L16: UNCALLED SEGMENT, IGNORED FOR OVERLAY PROCESS
    SEGMENT: ?PR?_DELAY1?1602
Program Size: data=96.1 xdata=0 code=3674
creating hex file from "light_1"...
"light_1" - 0 Error(s), 1 Warning(s).
