<html>
<body>
<pre>
<h1>Vision Build Log</h1>
<h2>Project:</h2>
C:\Users\surface\Desktop\code\51单片机\lesson6.6\lesson6.6.uvproj
Project File Date:  08/05/2021

<h2>Output:</h2>
Build target '目标 1'
assembling STARTUP.A51...
compiling lesson6.6_1.c...
LESSON6.6_1.C(12): error C202: 'ucahr': undefined identifier
LESSON6.6_1.C(12): error C141: syntax error near 'val'
LESSON6.6_1.C(20): error C202: 'flag': undefined identifier
LESSON6.6_1.C(22): error C202: 'val': undefined identifier
LESSON6.6_1.C(23): error C202: 'val': undefined identifier
LESSON6.6_1.C(24): error C202: 'val': undefined identifier
LESSON6.6_1.C(26): error C202: 'flag': undefined identifier
LESSON6.6_1.C(32): error C141: syntax error near 'else'
LESSON6.6_1.C(34): error C202: 'val': undefined identifier
LESSON6.6_1.C(35): error C202: 'val': undefined identifier
LESSON6.6_1.C(36): error C202: 'val': undefined identifier
LESSON6.6_1.C(38): error C202: 'flag': undefined identifier
目标未创建
Build target '目标 1'
compiling lesson6.6_1.c...
LESSON6.6_1.C(32): error C141: syntax error near 'else'
目标未创建
