<html>
<body>
<pre>
<h1>Vision Build Log</h1>
<h2>Project:</h2>
C:\Users\surface\Desktop\code\51单片机\lesson6.6\lesson6.6.uvproj
Project File Date:  08/05/2021

<h2>Output:</h2>
Build target '目标 1'
compiling lesson6.6_1.c...
LESSON6.6_1.C(32): error C141: syntax error near 'else'
目标未创建
Build target '目标 1'
compiling lesson6.6_1.c...
LESSON6.6_1.C(32): error C141: syntax error near 'else'
目标未创建
Build target '目标 1'
compiling lesson6.6_1.c...
LESSON6.6_1.C(32): error C141: syntax error near 'else'
目标未创建
Build target '目标 1'
compiling lesson6.6_1.c...
LESSON6.6_1.C(32): error C141: syntax error near 'else'
目标未创建
Build target '目标 1'
compiling lesson6.6_1.c...
linking...
Program Size: data=11.0 xdata=0 code=122
creating hex file from "lesson6.6_1"...
"lesson6.6_1" - 0 Error(s), 0 Warning(s).
Build target '目标 1'
compiling lesson6.6_1.c...
linking...
Program Size: data=11.0 xdata=0 code=129
creating hex file from "lesson6.6_1"...
"lesson6.6_1" - 0 Error(s), 0 Warning(s).
